{"C:\\Users\\Cappellari\\OneDrive\\Documents\\Programacion\\Proyecto entrevista\\Backend\\src\\config\\dbConfig.ts": {"path":"C:\\Users\\Cappellari\\OneDrive\\Documents\\Programacion\\Proyecto entrevista\\Backend\\src\\config\\dbConfig.ts","statementMap":{"0":{"start":{"line":1,"column":0},"end":{"line":1,"column":32}},"1":{"start":{"line":2,"column":0},"end":{"line":2,"column":28}},"2":{"start":{"line":5,"column":0},"end":{"line":5,"column":16}},"3":{"start":{"line":7,"column":26},"end":{"line":22,"column":1}},"4":{"start":{"line":8,"column":2},"end":{"line":21,"column":3}},"5":{"start":{"line":9,"column":18},"end":{"line":9,"column":47}},"6":{"start":{"line":11,"column":4},"end":{"line":13,"column":5}},"7":{"start":{"line":12,"column":6},"end":{"line":12,"column":83}},"8":{"start":{"line":15,"column":24},"end":{"line":15,"column":null}},"9":{"start":{"line":16,"column":4},"end":{"line":16,"column":34}},"10":{"start":{"line":17,"column":24},"end":{"line":17,"column":102}},"11":{"start":{"line":19,"column":24},"end":{"line":19,"column":125}},"12":{"start":{"line":20,"column":4},"end":{"line":20,"column":60}},"13":{"start":{"line":7,"column":13},"end":{"line":7,"column":26}},"14":{"start":{"line":29,"column":85},"end":{"line":29,"column":40122}},"15":{"start":{"line":29,"column":89},"end":{"line":29,"column":40111}},"16":{"start":{"line":29,"column":40237},"end":{"line":29,"column":40243}},"17":{"start":{"line":29,"column":40358},"end":{"line":29,"column":40364}},"18":{"start":{"line":29,"column":40479},"end":{"line":29,"column":40485}},"19":{"start":{"line":29,"column":40604},"end":{"line":29,"column":40610}},"20":{"start":{"line":29,"column":40754},"end":{"line":29,"column":40760}}},"fnMap":{"0":{"name":"(anonymous_1)","decl":{"start":{"line":7,"column":26},"end":{"line":7,"column":31}},"loc":{"start":{"line":7,"column":52},"end":{"line":22,"column":1}}},"1":{"name":"oo_cm","decl":{"start":{"line":29,"column":77},"end":{"line":29,"column":82}},"loc":{"start":{"line":29,"column":82},"end":{"line":29,"column":40123}}}},"branchMap":{"0":{"loc":{"start":{"line":11,"column":4},"end":{"line":13,"column":5}},"type":"if","locations":[{"start":{"line":11,"column":4},"end":{"line":13,"column":5}}]},"1":{"loc":{"start":{"line":29,"column":96},"end":{"line":29,"column":40110}},"type":"binary-expr","locations":[{"start":{"line":29,"column":96},"end":{"line":29,"column":133}},{"start":{"line":29,"column":137},"end":{"line":29,"column":40110}}]}},"s":{"0":5,"1":5,"2":5,"3":5,"4":7,"5":7,"6":7,"7":1,"8":6,"9":6,"10":5,"11":2,"12":2,"13":5,"14":13,"15":13,"16":5,"17":5,"18":5,"19":5,"20":5},"f":{"0":7,"1":13},"b":{"0":[1],"1":[13,5]}}
,"C:\\Users\\Cappellari\\OneDrive\\Documents\\Programacion\\Proyecto entrevista\\Backend\\src\\controllers\\filmsController.ts": {"path":"C:\\Users\\Cappellari\\OneDrive\\Documents\\Programacion\\Proyecto entrevista\\Backend\\src\\controllers\\filmsController.ts","statementMap":{"0":{"start":{"line":4,"column":0},"end":{"line":4,"column":59}},"1":{"start":{"line":6,"column":40},"end":{"line":22,"column":1}},"2":{"start":{"line":11,"column":42},"end":{"line":11,"column":51}},"3":{"start":{"line":12,"column":2},"end":{"line":21,"column":3}},"4":{"start":{"line":13,"column":19},"end":{"line":17,"column":6}},"5":{"start":{"line":18,"column":4},"end":{"line":18,"column":33}},"6":{"start":{"line":20,"column":4},"end":{"line":20,"column":16}},"7":{"start":{"line":6,"column":13},"end":{"line":6,"column":40}}},"fnMap":{"0":{"name":"(anonymous_0)","decl":{"start":{"line":6,"column":40},"end":{"line":6,"column":45}},"loc":{"start":{"line":10,"column":19},"end":{"line":22,"column":1}}}},"branchMap":{"0":{"loc":{"start":{"line":11,"column":17},"end":{"line":11,"column":25}},"type":"default-arg","locations":[{"start":{"line":11,"column":24},"end":{"line":11,"column":25}}]},"1":{"loc":{"start":{"line":11,"column":27},"end":{"line":11,"column":37}},"type":"default-arg","locations":[{"start":{"line":11,"column":35},"end":{"line":11,"column":37}}]}},"s":{"0":4,"1":4,"2":2,"3":2,"4":2,"5":1,"6":1,"7":4},"f":{"0":2},"b":{"0":[1],"1":[1]}}
,"C:\\Users\\Cappellari\\OneDrive\\Documents\\Programacion\\Proyecto entrevista\\Backend\\src\\controllers\\peopleController.ts": {"path":"C:\\Users\\Cappellari\\OneDrive\\Documents\\Programacion\\Proyecto entrevista\\Backend\\src\\controllers\\peopleController.ts","statementMap":{"0":{"start":{"line":3,"column":0},"end":{"line":3,"column":65}},"1":{"start":{"line":6,"column":41},"end":{"line":19,"column":1}},"2":{"start":{"line":7,"column":46},"end":{"line":7,"column":55}},"3":{"start":{"line":9,"column":2},"end":{"line":18,"column":3}},"4":{"start":{"line":10,"column":19},"end":{"line":14,"column":6}},"5":{"start":{"line":15,"column":4},"end":{"line":15,"column":33}},"6":{"start":{"line":17,"column":4},"end":{"line":17,"column":16}},"7":{"start":{"line":6,"column":13},"end":{"line":6,"column":41}}},"fnMap":{"0":{"name":"(anonymous_0)","decl":{"start":{"line":6,"column":41},"end":{"line":6,"column":46}},"loc":{"start":{"line":6,"column":99},"end":{"line":19,"column":1}}}},"branchMap":{"0":{"loc":{"start":{"line":7,"column":10},"end":{"line":7,"column":19}},"type":"default-arg","locations":[{"start":{"line":7,"column":17},"end":{"line":7,"column":19}}]},"1":{"loc":{"start":{"line":7,"column":21},"end":{"line":7,"column":29}},"type":"default-arg","locations":[{"start":{"line":7,"column":28},"end":{"line":7,"column":29}}]},"2":{"loc":{"start":{"line":7,"column":31},"end":{"line":7,"column":41}},"type":"default-arg","locations":[{"start":{"line":7,"column":39},"end":{"line":7,"column":41}}]}},"s":{"0":4,"1":4,"2":2,"3":2,"4":2,"5":1,"6":1,"7":4},"f":{"0":2},"b":{"0":[2],"1":[1],"2":[1]}}
,"C:\\Users\\Cappellari\\OneDrive\\Documents\\Programacion\\Proyecto entrevista\\Backend\\src\\controllers\\planetsController.ts": {"path":"C:\\Users\\Cappellari\\OneDrive\\Documents\\Programacion\\Proyecto entrevista\\Backend\\src\\controllers\\planetsController.ts","statementMap":{"0":{"start":{"line":3,"column":0},"end":{"line":3,"column":66}},"1":{"start":{"line":6,"column":42},"end":{"line":19,"column":1}},"2":{"start":{"line":7,"column":41},"end":{"line":7,"column":50}},"3":{"start":{"line":9,"column":2},"end":{"line":18,"column":3}},"4":{"start":{"line":10,"column":19},"end":{"line":14,"column":6}},"5":{"start":{"line":15,"column":4},"end":{"line":15,"column":33}},"6":{"start":{"line":17,"column":4},"end":{"line":17,"column":16}},"7":{"start":{"line":6,"column":13},"end":{"line":6,"column":42}}},"fnMap":{"0":{"name":"(anonymous_0)","decl":{"start":{"line":6,"column":42},"end":{"line":6,"column":47}},"loc":{"start":{"line":6,"column":100},"end":{"line":19,"column":1}}}},"branchMap":{"0":{"loc":{"start":{"line":7,"column":16},"end":{"line":7,"column":24}},"type":"default-arg","locations":[{"start":{"line":7,"column":23},"end":{"line":7,"column":24}}]},"1":{"loc":{"start":{"line":7,"column":26},"end":{"line":7,"column":36}},"type":"default-arg","locations":[{"start":{"line":7,"column":34},"end":{"line":7,"column":36}}]}},"s":{"0":4,"1":4,"2":2,"3":2,"4":2,"5":1,"6":1,"7":4},"f":{"0":2},"b":{"0":[1],"1":[1]}}
,"C:\\Users\\Cappellari\\OneDrive\\Documents\\Programacion\\Proyecto entrevista\\Backend\\src\\controllers\\startshipsControllers.ts": {"path":"C:\\Users\\Cappellari\\OneDrive\\Documents\\Programacion\\Proyecto entrevista\\Backend\\src\\controllers\\startshipsControllers.ts","statementMap":{"0":{"start":{"line":3,"column":0},"end":{"line":3,"column":72}},"1":{"start":{"line":6,"column":44},"end":{"line":19,"column":1}},"2":{"start":{"line":7,"column":41},"end":{"line":7,"column":50}},"3":{"start":{"line":9,"column":2},"end":{"line":18,"column":3}},"4":{"start":{"line":10,"column":19},"end":{"line":14,"column":6}},"5":{"start":{"line":15,"column":4},"end":{"line":15,"column":33}},"6":{"start":{"line":17,"column":4},"end":{"line":17,"column":16}},"7":{"start":{"line":6,"column":13},"end":{"line":6,"column":44}}},"fnMap":{"0":{"name":"(anonymous_0)","decl":{"start":{"line":6,"column":44},"end":{"line":6,"column":49}},"loc":{"start":{"line":6,"column":102},"end":{"line":19,"column":1}}}},"branchMap":{"0":{"loc":{"start":{"line":7,"column":16},"end":{"line":7,"column":24}},"type":"default-arg","locations":[{"start":{"line":7,"column":23},"end":{"line":7,"column":24}}]},"1":{"loc":{"start":{"line":7,"column":26},"end":{"line":7,"column":36}},"type":"default-arg","locations":[{"start":{"line":7,"column":34},"end":{"line":7,"column":36}}]}},"s":{"0":4,"1":4,"2":2,"3":2,"4":2,"5":1,"6":1,"7":4},"f":{"0":2},"b":{"0":[1],"1":[1]}}
,"C:\\Users\\Cappellari\\OneDrive\\Documents\\Programacion\\Proyecto entrevista\\Backend\\src\\middleware\\errorHandler.ts": {"path":"C:\\Users\\Cappellari\\OneDrive\\Documents\\Programacion\\Proyecto entrevista\\Backend\\src\\middleware\\errorHandler.ts","statementMap":{"0":{"start":{"line":2,"column":0},"end":{"line":2,"column":28}},"1":{"start":{"line":5,"column":0},"end":{"line":5,"column":16}},"2":{"start":{"line":6,"column":28},"end":{"line":13,"column":1}},"3":{"start":{"line":7,"column":2},"end":{"line":9,"column":3}},"4":{"start":{"line":8,"column":24},"end":{"line":8,"column":84}},"5":{"start":{"line":10,"column":2},"end":{"line":12,"column":5}},"6":{"start":{"line":6,"column":13},"end":{"line":6,"column":28}},"7":{"start":{"line":21,"column":85},"end":{"line":21,"column":40122}},"8":{"start":{"line":21,"column":89},"end":{"line":21,"column":40111}},"9":{"start":{"line":21,"column":40237},"end":{"line":21,"column":40243}},"10":{"start":{"line":21,"column":40358},"end":{"line":21,"column":40364}},"11":{"start":{"line":21,"column":40479},"end":{"line":21,"column":40485}},"12":{"start":{"line":21,"column":40604},"end":{"line":21,"column":40610}},"13":{"start":{"line":21,"column":40754},"end":{"line":21,"column":40760}}},"fnMap":{"0":{"name":"(anonymous_1)","decl":{"start":{"line":6,"column":28},"end":{"line":6,"column":29}},"loc":{"start":{"line":6,"column":92},"end":{"line":13,"column":1}}},"1":{"name":"oo_cm","decl":{"start":{"line":21,"column":77},"end":{"line":21,"column":82}},"loc":{"start":{"line":21,"column":82},"end":{"line":21,"column":40123}}}},"branchMap":{"0":{"loc":{"start":{"line":7,"column":2},"end":{"line":9,"column":3}},"type":"if","locations":[{"start":{"line":7,"column":2},"end":{"line":9,"column":3}}]},"1":{"loc":{"start":{"line":11,"column":15},"end":{"line":11,"column":58}},"type":"binary-expr","locations":[{"start":{"line":11,"column":15},"end":{"line":11,"column":26}},{"start":{"line":11,"column":30},"end":{"line":11,"column":58}}]},"2":{"loc":{"start":{"line":21,"column":96},"end":{"line":21,"column":40110}},"type":"binary-expr","locations":[{"start":{"line":21,"column":96},"end":{"line":21,"column":133}},{"start":{"line":21,"column":137},"end":{"line":21,"column":40110}}]}},"s":{"0":5,"1":5,"2":5,"3":7,"4":1,"5":7,"6":5,"7":1,"8":1,"9":5,"10":5,"11":5,"12":5,"13":5},"f":{"0":7,"1":1},"b":{"0":[1],"1":[7,0],"2":[1,1]}}
,"C:\\Users\\Cappellari\\OneDrive\\Documents\\Programacion\\Proyecto entrevista\\Backend\\src\\middleware\\middlewareValidator.ts": {"path":"C:\\Users\\Cappellari\\OneDrive\\Documents\\Programacion\\Proyecto entrevista\\Backend\\src\\middleware\\middlewareValidator.ts","statementMap":{"0":{"start":{"line":1,"column":0},"end":{"line":1,"column":60}},"1":{"start":{"line":4,"column":13},"end":{"line":22,"column":2}},"2":{"start":{"line":10,"column":19},"end":{"line":10,"column":40}},"3":{"start":{"line":12,"column":4},"end":{"line":20,"column":5}},"4":{"start":{"line":13,"column":6},"end":{"line":17,"column":9}},"5":{"start":{"line":14,"column":45},"end":{"line":16,"column":10}},"6":{"start":{"line":19,"column":6},"end":{"line":19,"column":13}}},"fnMap":{"0":{"name":"(anonymous_0)","decl":{"start":{"line":9,"column":2},"end":{"line":9,"column":3}},"loc":{"start":{"line":9,"column":60},"end":{"line":21,"column":3}}},"1":{"name":"(anonymous_1)","decl":{"start":{"line":14,"column":35},"end":{"line":14,"column":40}},"loc":{"start":{"line":14,"column":45},"end":{"line":16,"column":10}}}},"branchMap":{"0":{"loc":{"start":{"line":12,"column":4},"end":{"line":20,"column":5}},"type":"if","locations":[{"start":{"line":12,"column":4},"end":{"line":20,"column":5}},{"start":{"line":18,"column":11},"end":{"line":20,"column":5}}]}},"s":{"0":5,"1":5,"2":14,"3":14,"4":5,"5":10,"6":9},"f":{"0":14,"1":10},"b":{"0":[5,9]}}
,"C:\\Users\\Cappellari\\OneDrive\\Documents\\Programacion\\Proyecto entrevista\\Backend\\src\\models\\Films.ts": {"path":"C:\\Users\\Cappellari\\OneDrive\\Documents\\Programacion\\Proyecto entrevista\\Backend\\src\\models\\Films.ts","statementMap":{"0":{"start":{"line":1,"column":0},"end":{"line":1,"column":41}},"1":{"start":{"line":3,"column":19},"end":{"line":18,"column":2}},"2":{"start":{"line":20,"column":0},"end":{"line":20,"column":41}}},"fnMap":{},"branchMap":{},"s":{"0":5,"1":5,"2":5},"f":{},"b":{}}
,"C:\\Users\\Cappellari\\OneDrive\\Documents\\Programacion\\Proyecto entrevista\\Backend\\src\\models\\People.ts": {"path":"C:\\Users\\Cappellari\\OneDrive\\Documents\\Programacion\\Proyecto entrevista\\Backend\\src\\models\\People.ts","statementMap":{"0":{"start":{"line":2,"column":0},"end":{"line":2,"column":41}},"1":{"start":{"line":4,"column":21},"end":{"line":21,"column":2}},"2":{"start":{"line":23,"column":0},"end":{"line":23,"column":45}}},"fnMap":{},"branchMap":{},"s":{"0":5,"1":5,"2":5},"f":{},"b":{}}
,"C:\\Users\\Cappellari\\OneDrive\\Documents\\Programacion\\Proyecto entrevista\\Backend\\src\\models\\Planets.ts": {"path":"C:\\Users\\Cappellari\\OneDrive\\Documents\\Programacion\\Proyecto entrevista\\Backend\\src\\models\\Planets.ts","statementMap":{"0":{"start":{"line":1,"column":0},"end":{"line":1,"column":41}},"1":{"start":{"line":3,"column":21},"end":{"line":18,"column":2}},"2":{"start":{"line":20,"column":0},"end":{"line":20,"column":45}}},"fnMap":{},"branchMap":{},"s":{"0":5,"1":5,"2":5},"f":{},"b":{}}
,"C:\\Users\\Cappellari\\OneDrive\\Documents\\Programacion\\Proyecto entrevista\\Backend\\src\\models\\Starships.ts": {"path":"C:\\Users\\Cappellari\\OneDrive\\Documents\\Programacion\\Proyecto entrevista\\Backend\\src\\models\\Starships.ts","statementMap":{"0":{"start":{"line":1,"column":0},"end":{"line":1,"column":41}},"1":{"start":{"line":3,"column":23},"end":{"line":22,"column":2}},"2":{"start":{"line":24,"column":0},"end":{"line":24,"column":49}}},"fnMap":{},"branchMap":{},"s":{"0":4,"1":4,"2":4},"f":{},"b":{}}
,"C:\\Users\\Cappellari\\OneDrive\\Documents\\Programacion\\Proyecto entrevista\\Backend\\src\\routes\\App.ts": {"path":"C:\\Users\\Cappellari\\OneDrive\\Documents\\Programacion\\Proyecto entrevista\\Backend\\src\\routes\\App.ts","statementMap":{"0":{"start":{"line":1,"column":0},"end":{"line":1,"column":33}},"1":{"start":{"line":2,"column":0},"end":{"line":2,"column":60}},"2":{"start":{"line":3,"column":0},"end":{"line":3,"column":58}},"3":{"start":{"line":4,"column":0},"end":{"line":4,"column":62}},"4":{"start":{"line":5,"column":0},"end":{"line":5,"column":68}},"5":{"start":{"line":8,"column":0},"end":{"line":8,"column":72}},"6":{"start":{"line":11,"column":15},"end":{"line":11,"column":23}},"7":{"start":{"line":47,"column":0},"end":{"line":47,"column":54}},"8":{"start":{"line":104,"column":0},"end":{"line":104,"column":51}},"9":{"start":{"line":193,"column":0},"end":{"line":193,"column":60}},"10":{"start":{"line":267,"column":0},"end":{"line":267,"column":56}},"11":{"start":{"line":269,"column":0},"end":{"line":269,"column":22}}},"fnMap":{},"branchMap":{},"s":{"0":4,"1":4,"2":4,"3":4,"4":4,"5":4,"6":4,"7":4,"8":4,"9":4,"10":4,"11":4},"f":{},"b":{}}
,"C:\\Users\\Cappellari\\OneDrive\\Documents\\Programacion\\Proyecto entrevista\\Backend\\src\\services\\paginate.ts": {"path":"C:\\Users\\Cappellari\\OneDrive\\Documents\\Programacion\\Proyecto entrevista\\Backend\\src\\services\\paginate.ts","statementMap":{"0":{"start":{"line":1,"column":24},"end":{"line":13,"column":1}},"1":{"start":{"line":2,"column":2},"end":{"line":12,"column":3}},"2":{"start":{"line":3,"column":17},"end":{"line":5,"column":19}},"3":{"start":{"line":7,"column":18},"end":{"line":7,"column":52}},"4":{"start":{"line":9,"column":4},"end":{"line":9,"column":27}},"5":{"start":{"line":11,"column":4},"end":{"line":11,"column":77}},"6":{"start":{"line":1,"column":13},"end":{"line":1,"column":24}}},"fnMap":{"0":{"name":"(anonymous_0)","decl":{"start":{"line":1,"column":24},"end":{"line":1,"column":29}},"loc":{"start":{"line":1,"column":87},"end":{"line":13,"column":1}}}},"branchMap":{},"s":{"0":13,"1":3,"2":3,"3":2,"4":1,"5":2,"6":13},"f":{"0":3},"b":{}}
,"C:\\Users\\Cappellari\\OneDrive\\Documents\\Programacion\\Proyecto entrevista\\Backend\\src\\services\\film\\FilmService.ts": {"path":"C:\\Users\\Cappellari\\OneDrive\\Documents\\Programacion\\Proyecto entrevista\\Backend\\src\\services\\film\\FilmService.ts","statementMap":{"0":{"start":{"line":1,"column":0},"end":{"line":1,"column":39}},"1":{"start":{"line":2,"column":0},"end":{"line":2,"column":39}},"2":{"start":{"line":9,"column":23},"end":{"line":9,"column":69}},"3":{"start":{"line":10,"column":8},"end":{"line":21,"column":9}},"4":{"start":{"line":11,"column":36},"end":{"line":11,"column":78}},"5":{"start":{"line":12,"column":31},"end":{"line":12,"column":55}},"6":{"start":{"line":13,"column":12},"end":{"line":18,"column":14}},"7":{"start":{"line":20,"column":12},"end":{"line":20,"column":81}},"8":{"start":{"line":5,"column":0},"end":{"line":5,"column":13}}},"fnMap":{"0":{"name":"(anonymous_1)","decl":{"start":{"line":7,"column":4},"end":{"line":7,"column":10}},"loc":{"start":{"line":7,"column":99},"end":{"line":22,"column":5}}}},"branchMap":{"0":{"loc":{"start":{"line":9,"column":23},"end":{"line":9,"column":69}},"type":"cond-expr","locations":[{"start":{"line":9,"column":31},"end":{"line":9,"column":64}},{"start":{"line":9,"column":67},"end":{"line":9,"column":69}}]}},"s":{"0":5,"1":5,"2":3,"3":3,"4":3,"5":2,"6":2,"7":1,"8":5},"f":{"0":3},"b":{"0":[1,2]}}
,"C:\\Users\\Cappellari\\OneDrive\\Documents\\Programacion\\Proyecto entrevista\\Backend\\src\\services\\people\\PeopleService.ts": {"path":"C:\\Users\\Cappellari\\OneDrive\\Documents\\Programacion\\Proyecto entrevista\\Backend\\src\\services\\people\\PeopleService.ts","statementMap":{"0":{"start":{"line":1,"column":0},"end":{"line":1,"column":41}},"1":{"start":{"line":2,"column":0},"end":{"line":2,"column":39}},"2":{"start":{"line":7,"column":19},"end":{"line":7,"column":62}},"3":{"start":{"line":9,"column":4},"end":{"line":21,"column":5}},"4":{"start":{"line":10,"column":30},"end":{"line":10,"column":73}},"5":{"start":{"line":11,"column":25},"end":{"line":11,"column":49}},"6":{"start":{"line":13,"column":6},"end":{"line":18,"column":8}},"7":{"start":{"line":20,"column":6},"end":{"line":20,"column":76}},"8":{"start":{"line":5,"column":0},"end":{"line":5,"column":13}}},"fnMap":{"0":{"name":"(anonymous_1)","decl":{"start":{"line":6,"column":2},"end":{"line":6,"column":8}},"loc":{"start":{"line":6,"column":94},"end":{"line":22,"column":3}}}},"branchMap":{"0":{"loc":{"start":{"line":7,"column":19},"end":{"line":7,"column":62}},"type":"cond-expr","locations":[{"start":{"line":7,"column":26},"end":{"line":7,"column":57}},{"start":{"line":7,"column":60},"end":{"line":7,"column":62}}]}},"s":{"0":5,"1":5,"2":3,"3":3,"4":3,"5":2,"6":2,"7":1,"8":5},"f":{"0":3},"b":{"0":[1,2]}}
,"C:\\Users\\Cappellari\\OneDrive\\Documents\\Programacion\\Proyecto entrevista\\Backend\\src\\services\\planets\\PlanetService.ts": {"path":"C:\\Users\\Cappellari\\OneDrive\\Documents\\Programacion\\Proyecto entrevista\\Backend\\src\\services\\planets\\PlanetService.ts","statementMap":{"0":{"start":{"line":2,"column":0},"end":{"line":2,"column":43}},"1":{"start":{"line":3,"column":0},"end":{"line":3,"column":39}},"2":{"start":{"line":7,"column":19},"end":{"line":7,"column":62}},"3":{"start":{"line":9,"column":4},"end":{"line":21,"column":5}},"4":{"start":{"line":10,"column":30},"end":{"line":10,"column":74}},"5":{"start":{"line":11,"column":25},"end":{"line":11,"column":49}},"6":{"start":{"line":13,"column":6},"end":{"line":18,"column":8}},"7":{"start":{"line":20,"column":6},"end":{"line":20,"column":77}},"8":{"start":{"line":5,"column":0},"end":{"line":5,"column":13}}},"fnMap":{"0":{"name":"(anonymous_1)","decl":{"start":{"line":6,"column":2},"end":{"line":6,"column":8}},"loc":{"start":{"line":6,"column":95},"end":{"line":22,"column":3}}}},"branchMap":{"0":{"loc":{"start":{"line":7,"column":19},"end":{"line":7,"column":62}},"type":"cond-expr","locations":[{"start":{"line":7,"column":26},"end":{"line":7,"column":57}},{"start":{"line":7,"column":60},"end":{"line":7,"column":62}}]}},"s":{"0":5,"1":5,"2":3,"3":3,"4":3,"5":2,"6":2,"7":1,"8":5},"f":{"0":3},"b":{"0":[1,2]}}
,"C:\\Users\\Cappellari\\OneDrive\\Documents\\Programacion\\Proyecto entrevista\\Backend\\src\\services\\starships\\StarshipService.ts": {"path":"C:\\Users\\Cappellari\\OneDrive\\Documents\\Programacion\\Proyecto entrevista\\Backend\\src\\services\\starships\\StarshipService.ts","statementMap":{"0":{"start":{"line":2,"column":0},"end":{"line":2,"column":47}},"1":{"start":{"line":3,"column":0},"end":{"line":3,"column":39}},"2":{"start":{"line":7,"column":19},"end":{"line":7,"column":62}},"3":{"start":{"line":9,"column":4},"end":{"line":21,"column":5}},"4":{"start":{"line":10,"column":30},"end":{"line":10,"column":76}},"5":{"start":{"line":11,"column":25},"end":{"line":11,"column":49}},"6":{"start":{"line":13,"column":6},"end":{"line":18,"column":8}},"7":{"start":{"line":20,"column":6},"end":{"line":20,"column":79}},"8":{"start":{"line":5,"column":0},"end":{"line":5,"column":13}}},"fnMap":{"0":{"name":"(anonymous_1)","decl":{"start":{"line":6,"column":2},"end":{"line":6,"column":8}},"loc":{"start":{"line":6,"column":97},"end":{"line":22,"column":3}}}},"branchMap":{"0":{"loc":{"start":{"line":7,"column":19},"end":{"line":7,"column":62}},"type":"cond-expr","locations":[{"start":{"line":7,"column":26},"end":{"line":7,"column":57}},{"start":{"line":7,"column":60},"end":{"line":7,"column":62}}]}},"s":{"0":5,"1":5,"2":3,"3":3,"4":3,"5":2,"6":2,"7":1,"8":5},"f":{"0":3},"b":{"0":[1,2]}}
}
