{"C:\\Users\\Cappellari\\OneDrive\\Documents\\Programacion\\Proyecto entrevista\\Backend\\src\\controllers\\filmsController.ts": {"path":"C:\\Users\\Cappellari\\OneDrive\\Documents\\Programacion\\Proyecto entrevista\\Backend\\src\\controllers\\filmsController.ts","statementMap":{"0":{"start":{"line":2,"column":0},"end":{"line":2,"column":36}},"1":{"start":{"line":3,"column":0},"end":{"line":3,"column":26}},"2":{"start":{"line":5,"column":24},"end":{"line":46,"column":1}},"3":{"start":{"line":6,"column":42},"end":{"line":6,"column":51}},"4":{"start":{"line":7,"column":17},"end":{"line":7,"column":73}},"5":{"start":{"line":9,"column":2},"end":{"line":13,"column":3}},"6":{"start":{"line":10,"column":4},"end":{"line":12,"column":68}},"7":{"start":{"line":14,"column":2},"end":{"line":18,"column":3}},"8":{"start":{"line":15,"column":4},"end":{"line":17,"column":69}},"9":{"start":{"line":20,"column":2},"end":{"line":45,"column":3}},"10":{"start":{"line":21,"column":15},"end":{"line":23,"column":27}},"11":{"start":{"line":25,"column":4},"end":{"line":34,"column":5}},"12":{"start":{"line":26,"column":23},"end":{"line":26,"column":70}},"13":{"start":{"line":27,"column":6},"end":{"line":27,"column":35}},"14":{"start":{"line":29,"column":6},"end":{"line":29,"column":35}},"15":{"start":{"line":31,"column":6},"end":{"line":33,"column":30}},"16":{"start":{"line":36,"column":18},"end":{"line":36,"column":52}},"17":{"start":{"line":38,"column":4},"end":{"line":42,"column":7}},"18":{"start":{"line":44,"column":4},"end":{"line":44,"column":109}},"19":{"start":{"line":5,"column":13},"end":{"line":5,"column":24}}},"fnMap":{"0":{"name":"(anonymous_1)","decl":{"start":{"line":5,"column":24},"end":{"line":5,"column":29}},"loc":{"start":{"line":5,"column":62},"end":{"line":46,"column":1}}}},"branchMap":{"0":{"loc":{"start":{"line":6,"column":17},"end":{"line":6,"column":25}},"type":"default-arg","locations":[{"start":{"line":6,"column":24},"end":{"line":6,"column":25}}]},"1":{"loc":{"start":{"line":6,"column":27},"end":{"line":6,"column":37}},"type":"default-arg","locations":[{"start":{"line":6,"column":35},"end":{"line":6,"column":37}}]},"2":{"loc":{"start":{"line":7,"column":17},"end":{"line":7,"column":73}},"type":"cond-expr","locations":[{"start":{"line":7,"column":25},"end":{"line":7,"column":68}},{"start":{"line":7,"column":71},"end":{"line":7,"column":73}}]},"3":{"loc":{"start":{"line":9,"column":2},"end":{"line":13,"column":3}},"type":"if","locations":[{"start":{"line":9,"column":2},"end":{"line":13,"column":3}}]},"4":{"loc":{"start":{"line":9,"column":6},"end":{"line":9,"column":33}},"type":"binary-expr","locations":[{"start":{"line":9,"column":6},"end":{"line":9,"column":10}},{"start":{"line":9,"column":14},"end":{"line":9,"column":33}}]},"5":{"loc":{"start":{"line":14,"column":2},"end":{"line":18,"column":3}},"type":"if","locations":[{"start":{"line":14,"column":2},"end":{"line":18,"column":3}}]},"6":{"loc":{"start":{"line":14,"column":6},"end":{"line":14,"column":35}},"type":"binary-expr","locations":[{"start":{"line":14,"column":6},"end":{"line":14,"column":11}},{"start":{"line":14,"column":15},"end":{"line":14,"column":35}}]},"7":{"loc":{"start":{"line":25,"column":4},"end":{"line":34,"column":5}},"type":"if","locations":[{"start":{"line":25,"column":4},"end":{"line":34,"column":5}}]},"8":{"loc":{"start":{"line":44,"column":41},"end":{"line":44,"column":105}},"type":"cond-expr","locations":[{"start":{"line":44,"column":66},"end":{"line":44,"column":79}},{"start":{"line":44,"column":82},"end":{"line":44,"column":105}}]}},"s":{"0":1,"1":1,"2":1,"3":7,"4":7,"5":7,"6":1,"7":6,"8":1,"9":5,"10":5,"11":5,"12":3,"13":2,"14":2,"15":1,"16":3,"17":3,"18":2,"19":1},"f":{"0":7},"b":{"0":[1],"1":[1],"2":[1,6],"3":[1],"4":[7,7],"5":[1],"6":[6,6],"7":[3],"8":[2,0]}}
,"C:\\Users\\Cappellari\\OneDrive\\Documents\\Programacion\\Proyecto entrevista\\Backend\\src\\controllers\\peopleController.ts": {"path":"C:\\Users\\Cappellari\\OneDrive\\Documents\\Programacion\\Proyecto entrevista\\Backend\\src\\controllers\\peopleController.ts","statementMap":{"0":{"start":{"line":2,"column":0},"end":{"line":2,"column":38}},"1":{"start":{"line":3,"column":0},"end":{"line":3,"column":26}},"2":{"start":{"line":5,"column":25},"end":{"line":44,"column":1}},"3":{"start":{"line":6,"column":41},"end":{"line":6,"column":50}},"4":{"start":{"line":7,"column":17},"end":{"line":7,"column":70}},"5":{"start":{"line":10,"column":2},"end":{"line":12,"column":3}},"6":{"start":{"line":11,"column":4},"end":{"line":11,"column":88}},"7":{"start":{"line":13,"column":2},"end":{"line":15,"column":3}},"8":{"start":{"line":14,"column":4},"end":{"line":14,"column":89}},"9":{"start":{"line":17,"column":2},"end":{"line":43,"column":3}},"10":{"start":{"line":18,"column":17},"end":{"line":20,"column":27}},"11":{"start":{"line":22,"column":4},"end":{"line":31,"column":5}},"12":{"start":{"line":23,"column":23},"end":{"line":23,"column":70}},"13":{"start":{"line":24,"column":6},"end":{"line":24,"column":37}},"14":{"start":{"line":26,"column":6},"end":{"line":26,"column":38}},"15":{"start":{"line":28,"column":6},"end":{"line":30,"column":30}},"16":{"start":{"line":33,"column":18},"end":{"line":33,"column":53}},"17":{"start":{"line":35,"column":4},"end":{"line":40,"column":7}},"18":{"start":{"line":42,"column":4},"end":{"line":42,"column":109}},"19":{"start":{"line":5,"column":13},"end":{"line":5,"column":25}}},"fnMap":{"0":{"name":"(anonymous_1)","decl":{"start":{"line":5,"column":25},"end":{"line":5,"column":30}},"loc":{"start":{"line":5,"column":63},"end":{"line":44,"column":1}}}},"branchMap":{"0":{"loc":{"start":{"line":6,"column":16},"end":{"line":6,"column":24}},"type":"default-arg","locations":[{"start":{"line":6,"column":23},"end":{"line":6,"column":24}}]},"1":{"loc":{"start":{"line":6,"column":26},"end":{"line":6,"column":36}},"type":"default-arg","locations":[{"start":{"line":6,"column":34},"end":{"line":6,"column":36}}]},"2":{"loc":{"start":{"line":7,"column":17},"end":{"line":7,"column":70}},"type":"cond-expr","locations":[{"start":{"line":7,"column":24},"end":{"line":7,"column":65}},{"start":{"line":7,"column":68},"end":{"line":7,"column":70}}]},"3":{"loc":{"start":{"line":10,"column":2},"end":{"line":12,"column":3}},"type":"if","locations":[{"start":{"line":10,"column":2},"end":{"line":12,"column":3}}]},"4":{"loc":{"start":{"line":10,"column":6},"end":{"line":10,"column":33}},"type":"binary-expr","locations":[{"start":{"line":10,"column":6},"end":{"line":10,"column":10}},{"start":{"line":10,"column":14},"end":{"line":10,"column":33}}]},"5":{"loc":{"start":{"line":13,"column":2},"end":{"line":15,"column":3}},"type":"if","locations":[{"start":{"line":13,"column":2},"end":{"line":15,"column":3}}]},"6":{"loc":{"start":{"line":13,"column":6},"end":{"line":13,"column":35}},"type":"binary-expr","locations":[{"start":{"line":13,"column":6},"end":{"line":13,"column":11}},{"start":{"line":13,"column":15},"end":{"line":13,"column":35}}]},"7":{"loc":{"start":{"line":22,"column":4},"end":{"line":31,"column":5}},"type":"if","locations":[{"start":{"line":22,"column":4},"end":{"line":31,"column":5}}]},"8":{"loc":{"start":{"line":42,"column":41},"end":{"line":42,"column":105}},"type":"cond-expr","locations":[{"start":{"line":42,"column":66},"end":{"line":42,"column":79}},{"start":{"line":42,"column":82},"end":{"line":42,"column":105}}]}},"s":{"0":1,"1":1,"2":1,"3":8,"4":8,"5":8,"6":1,"7":7,"8":1,"9":6,"10":6,"11":6,"12":3,"13":2,"14":2,"15":1,"16":4,"17":4,"18":2,"19":1},"f":{"0":8},"b":{"0":[1],"1":[1],"2":[1,7],"3":[1],"4":[8,8],"5":[1],"6":[7,7],"7":[3],"8":[2,0]}}
,"C:\\Users\\Cappellari\\OneDrive\\Documents\\Programacion\\Proyecto entrevista\\Backend\\src\\controllers\\planetsController.ts": {"path":"C:\\Users\\Cappellari\\OneDrive\\Documents\\Programacion\\Proyecto entrevista\\Backend\\src\\controllers\\planetsController.ts","statementMap":{"0":{"start":{"line":2,"column":0},"end":{"line":2,"column":40}},"1":{"start":{"line":3,"column":0},"end":{"line":3,"column":26}},"2":{"start":{"line":5,"column":26},"end":{"line":44,"column":1}},"3":{"start":{"line":6,"column":41},"end":{"line":6,"column":50}},"4":{"start":{"line":8,"column":2},"end":{"line":10,"column":3}},"5":{"start":{"line":9,"column":4},"end":{"line":9,"column":88}},"6":{"start":{"line":11,"column":2},"end":{"line":13,"column":3}},"7":{"start":{"line":12,"column":4},"end":{"line":12,"column":89}},"8":{"start":{"line":15,"column":17},"end":{"line":15,"column":70}},"9":{"start":{"line":17,"column":2},"end":{"line":43,"column":3}},"10":{"start":{"line":18,"column":18},"end":{"line":20,"column":27}},"11":{"start":{"line":22,"column":4},"end":{"line":31,"column":5}},"12":{"start":{"line":23,"column":23},"end":{"line":23,"column":72}},"13":{"start":{"line":24,"column":6},"end":{"line":24,"column":38}},"14":{"start":{"line":26,"column":6},"end":{"line":26,"column":40}},"15":{"start":{"line":28,"column":6},"end":{"line":30,"column":30}},"16":{"start":{"line":33,"column":18},"end":{"line":33,"column":54}},"17":{"start":{"line":35,"column":4},"end":{"line":40,"column":7}},"18":{"start":{"line":42,"column":4},"end":{"line":42,"column":109}},"19":{"start":{"line":5,"column":13},"end":{"line":5,"column":26}}},"fnMap":{"0":{"name":"(anonymous_1)","decl":{"start":{"line":5,"column":26},"end":{"line":5,"column":31}},"loc":{"start":{"line":5,"column":64},"end":{"line":44,"column":1}}}},"branchMap":{"0":{"loc":{"start":{"line":6,"column":16},"end":{"line":6,"column":24}},"type":"default-arg","locations":[{"start":{"line":6,"column":23},"end":{"line":6,"column":24}}]},"1":{"loc":{"start":{"line":6,"column":26},"end":{"line":6,"column":36}},"type":"default-arg","locations":[{"start":{"line":6,"column":34},"end":{"line":6,"column":36}}]},"2":{"loc":{"start":{"line":8,"column":2},"end":{"line":10,"column":3}},"type":"if","locations":[{"start":{"line":8,"column":2},"end":{"line":10,"column":3}}]},"3":{"loc":{"start":{"line":8,"column":6},"end":{"line":8,"column":33}},"type":"binary-expr","locations":[{"start":{"line":8,"column":6},"end":{"line":8,"column":10}},{"start":{"line":8,"column":14},"end":{"line":8,"column":33}}]},"4":{"loc":{"start":{"line":11,"column":2},"end":{"line":13,"column":3}},"type":"if","locations":[{"start":{"line":11,"column":2},"end":{"line":13,"column":3}}]},"5":{"loc":{"start":{"line":11,"column":6},"end":{"line":11,"column":35}},"type":"binary-expr","locations":[{"start":{"line":11,"column":6},"end":{"line":11,"column":11}},{"start":{"line":11,"column":15},"end":{"line":11,"column":35}}]},"6":{"loc":{"start":{"line":15,"column":17},"end":{"line":15,"column":70}},"type":"cond-expr","locations":[{"start":{"line":15,"column":24},"end":{"line":15,"column":65}},{"start":{"line":15,"column":68},"end":{"line":15,"column":70}}]},"7":{"loc":{"start":{"line":22,"column":4},"end":{"line":31,"column":5}},"type":"if","locations":[{"start":{"line":22,"column":4},"end":{"line":31,"column":5}}]},"8":{"loc":{"start":{"line":42,"column":41},"end":{"line":42,"column":105}},"type":"cond-expr","locations":[{"start":{"line":42,"column":66},"end":{"line":42,"column":79}},{"start":{"line":42,"column":82},"end":{"line":42,"column":105}}]}},"s":{"0":1,"1":1,"2":1,"3":8,"4":8,"5":1,"6":7,"7":1,"8":6,"9":6,"10":6,"11":6,"12":3,"13":2,"14":2,"15":1,"16":4,"17":4,"18":2,"19":1},"f":{"0":8},"b":{"0":[1],"1":[1],"2":[1],"3":[8,8],"4":[1],"5":[7,7],"6":[1,5],"7":[3],"8":[2,0]}}
,"C:\\Users\\Cappellari\\OneDrive\\Documents\\Programacion\\Proyecto entrevista\\Backend\\src\\controllers\\startshipsControllers.ts": {"path":"C:\\Users\\Cappellari\\OneDrive\\Documents\\Programacion\\Proyecto entrevista\\Backend\\src\\controllers\\startshipsControllers.ts","statementMap":{"0":{"start":{"line":2,"column":0},"end":{"line":2,"column":26}},"1":{"start":{"line":3,"column":0},"end":{"line":3,"column":44}},"2":{"start":{"line":5,"column":28},"end":{"line":44,"column":1}},"3":{"start":{"line":6,"column":41},"end":{"line":6,"column":50}},"4":{"start":{"line":8,"column":2},"end":{"line":10,"column":3}},"5":{"start":{"line":9,"column":4},"end":{"line":9,"column":88}},"6":{"start":{"line":11,"column":2},"end":{"line":13,"column":3}},"7":{"start":{"line":12,"column":4},"end":{"line":12,"column":89}},"8":{"start":{"line":15,"column":2},"end":{"line":43,"column":3}},"9":{"start":{"line":16,"column":19},"end":{"line":16,"column":72}},"10":{"start":{"line":18,"column":20},"end":{"line":20,"column":27}},"11":{"start":{"line":22,"column":4},"end":{"line":31,"column":5}},"12":{"start":{"line":23,"column":23},"end":{"line":23,"column":73}},"13":{"start":{"line":24,"column":6},"end":{"line":24,"column":40}},"14":{"start":{"line":26,"column":6},"end":{"line":26,"column":44}},"15":{"start":{"line":28,"column":6},"end":{"line":30,"column":30}},"16":{"start":{"line":33,"column":18},"end":{"line":33,"column":56}},"17":{"start":{"line":35,"column":4},"end":{"line":40,"column":7}},"18":{"start":{"line":42,"column":4},"end":{"line":42,"column":109}},"19":{"start":{"line":5,"column":13},"end":{"line":5,"column":28}}},"fnMap":{"0":{"name":"(anonymous_1)","decl":{"start":{"line":5,"column":28},"end":{"line":5,"column":33}},"loc":{"start":{"line":5,"column":66},"end":{"line":44,"column":1}}}},"branchMap":{"0":{"loc":{"start":{"line":6,"column":16},"end":{"line":6,"column":24}},"type":"default-arg","locations":[{"start":{"line":6,"column":23},"end":{"line":6,"column":24}}]},"1":{"loc":{"start":{"line":6,"column":26},"end":{"line":6,"column":36}},"type":"default-arg","locations":[{"start":{"line":6,"column":34},"end":{"line":6,"column":36}}]},"2":{"loc":{"start":{"line":8,"column":2},"end":{"line":10,"column":3}},"type":"if","locations":[{"start":{"line":8,"column":2},"end":{"line":10,"column":3}}]},"3":{"loc":{"start":{"line":8,"column":6},"end":{"line":8,"column":33}},"type":"binary-expr","locations":[{"start":{"line":8,"column":6},"end":{"line":8,"column":10}},{"start":{"line":8,"column":14},"end":{"line":8,"column":33}}]},"4":{"loc":{"start":{"line":11,"column":2},"end":{"line":13,"column":3}},"type":"if","locations":[{"start":{"line":11,"column":2},"end":{"line":13,"column":3}}]},"5":{"loc":{"start":{"line":11,"column":6},"end":{"line":11,"column":35}},"type":"binary-expr","locations":[{"start":{"line":11,"column":6},"end":{"line":11,"column":11}},{"start":{"line":11,"column":15},"end":{"line":11,"column":35}}]},"6":{"loc":{"start":{"line":16,"column":19},"end":{"line":16,"column":72}},"type":"cond-expr","locations":[{"start":{"line":16,"column":26},"end":{"line":16,"column":67}},{"start":{"line":16,"column":70},"end":{"line":16,"column":72}}]},"7":{"loc":{"start":{"line":22,"column":4},"end":{"line":31,"column":5}},"type":"if","locations":[{"start":{"line":22,"column":4},"end":{"line":31,"column":5}}]},"8":{"loc":{"start":{"line":42,"column":41},"end":{"line":42,"column":105}},"type":"cond-expr","locations":[{"start":{"line":42,"column":66},"end":{"line":42,"column":79}},{"start":{"line":42,"column":82},"end":{"line":42,"column":105}}]}},"s":{"0":1,"1":1,"2":1,"3":7,"4":7,"5":1,"6":6,"7":1,"8":5,"9":5,"10":5,"11":5,"12":3,"13":2,"14":2,"15":1,"16":3,"17":3,"18":2,"19":1},"f":{"0":7},"b":{"0":[1],"1":[1],"2":[1],"3":[7,7],"4":[1],"5":[6,6],"6":[1,4],"7":[3],"8":[2,0]}}
}
