TN:
SF:src\controllers\filmsController.ts
FN:5,(anonymous_1)
FNF:1
FNH:1
FNDA:7,(anonymous_1)
DA:2,1
DA:3,1
DA:5,1
DA:6,7
DA:7,7
DA:10,7
DA:11,1
DA:15,6
DA:16,1
DA:21,5
DA:22,5
DA:27,5
DA:28,3
DA:29,2
DA:31,2
DA:33,1
DA:38,3
DA:41,3
DA:48,2
LF:19
LH:19
BRDA:6,0,0,1
BRDA:6,1,0,1
BRDA:7,2,0,1
BRDA:7,2,1,6
BRDA:10,3,0,1
BRDA:10,4,0,7
BRDA:10,4,1,7
BRDA:15,5,0,1
BRDA:15,6,0,6
BRDA:15,6,1,6
BRDA:27,7,0,3
BRDA:48,8,0,2
BRDA:48,8,1,0
BRF:13
BRH:12
end_of_record
TN:
SF:src\controllers\peopleController.ts
FN:5,(anonymous_1)
FNF:1
FNH:1
FNDA:8,(anonymous_1)
DA:2,1
DA:3,1
DA:5,1
DA:6,8
DA:7,8
DA:10,8
DA:11,1
DA:13,7
DA:14,1
DA:17,6
DA:18,6
DA:22,6
DA:23,3
DA:24,2
DA:26,2
DA:28,1
DA:33,4
DA:35,4
DA:42,2
LF:19
LH:19
BRDA:6,0,0,1
BRDA:6,1,0,1
BRDA:7,2,0,1
BRDA:7,2,1,7
BRDA:10,3,0,1
BRDA:10,4,0,8
BRDA:10,4,1,8
BRDA:13,5,0,1
BRDA:13,6,0,7
BRDA:13,6,1,7
BRDA:22,7,0,3
BRDA:42,8,0,2
BRDA:42,8,1,0
BRF:13
BRH:12
end_of_record
TN:
SF:src\controllers\planetsController.ts
FN:5,(anonymous_1)
FNF:1
FNH:1
FNDA:8,(anonymous_1)
DA:2,1
DA:3,1
DA:5,1
DA:6,8
DA:8,8
DA:9,1
DA:11,7
DA:12,1
DA:15,6
DA:17,6
DA:18,6
DA:22,6
DA:23,3
DA:24,2
DA:26,2
DA:28,1
DA:33,4
DA:35,4
DA:42,2
LF:19
LH:19
BRDA:6,0,0,1
BRDA:6,1,0,1
BRDA:8,2,0,1
BRDA:8,3,0,8
BRDA:8,3,1,8
BRDA:11,4,0,1
BRDA:11,5,0,7
BRDA:11,5,1,7
BRDA:15,6,0,1
BRDA:15,6,1,5
BRDA:22,7,0,3
BRDA:42,8,0,2
BRDA:42,8,1,0
BRF:13
BRH:12
end_of_record
TN:
SF:src\controllers\startshipsControllers.ts
FN:5,(anonymous_1)
FNF:1
FNH:1
FNDA:7,(anonymous_1)
DA:2,1
DA:3,1
DA:5,1
DA:6,7
DA:8,7
DA:9,1
DA:11,6
DA:12,1
DA:15,5
DA:16,5
DA:18,5
DA:22,5
DA:23,3
DA:24,2
DA:26,2
DA:28,1
DA:33,3
DA:35,3
DA:42,2
LF:19
LH:19
BRDA:6,0,0,1
BRDA:6,1,0,1
BRDA:8,2,0,1
BRDA:8,3,0,7
BRDA:8,3,1,7
BRDA:11,4,0,1
BRDA:11,5,0,6
BRDA:11,5,1,6
BRDA:16,6,0,1
BRDA:16,6,1,4
BRDA:22,7,0,3
BRDA:42,8,0,2
BRDA:42,8,1,0
BRF:13
BRH:12
end_of_record
