TN:
SF:src\controllers\filmsController.ts
FN:5,(anonymous_1)
FNF:1
FNH:1
FNDA:7,(anonymous_1)
DA:2,1
DA:3,1
DA:5,1
DA:10,7
DA:11,7
DA:13,7
DA:14,1
DA:15,1
DA:17,6
DA:18,1
DA:19,1
DA:21,5
DA:22,5
DA:26,5
DA:27,3
DA:28,2
DA:30,2
DA:32,1
DA:37,3
DA:39,3
DA:45,2
LF:21
LH:21
BRDA:10,0,0,1
BRDA:10,1,0,1
BRDA:11,2,0,1
BRDA:11,2,1,6
BRDA:13,3,0,1
BRDA:13,4,0,7
BRDA:13,4,1,7
BRDA:17,5,0,1
BRDA:17,6,0,6
BRDA:17,6,1,6
BRDA:26,7,0,3
BRDA:48,8,0,2
BRDA:48,8,1,0
BRF:13
BRH:12
end_of_record
TN:
SF:src\controllers\peopleController.ts
FN:6,(anonymous_1)
FNF:1
FNH:1
FNDA:8,(anonymous_1)
DA:3,1
DA:4,1
DA:6,1
DA:7,8
DA:8,8
DA:11,8
DA:12,1
DA:13,1
DA:15,7
DA:16,1
DA:17,1
DA:20,6
DA:21,6
DA:25,6
DA:26,3
DA:27,2
DA:29,2
DA:31,1
DA:36,4
DA:38,4
DA:45,2
LF:21
LH:21
BRDA:7,0,0,1
BRDA:7,1,0,1
BRDA:8,2,0,1
BRDA:8,2,1,7
BRDA:11,3,0,1
BRDA:11,4,0,8
BRDA:11,4,1,8
BRDA:15,5,0,1
BRDA:15,6,0,7
BRDA:15,6,1,7
BRDA:25,7,0,3
BRDA:45,8,0,2
BRDA:45,8,1,0
BRF:13
BRH:12
end_of_record
TN:
SF:src\controllers\planetsController.ts
FN:5,(anonymous_1)
FNF:1
FNH:1
FNDA:8,(anonymous_1)
DA:2,1
DA:3,1
DA:5,1
DA:6,8
DA:8,8
DA:9,1
DA:10,1
DA:12,7
DA:13,1
DA:14,1
DA:17,6
DA:19,6
DA:20,6
DA:24,6
DA:25,3
DA:26,2
DA:28,2
DA:30,1
DA:35,4
DA:37,4
DA:44,2
LF:21
LH:21
BRDA:6,0,0,1
BRDA:6,1,0,1
BRDA:8,2,0,1
BRDA:8,3,0,8
BRDA:8,3,1,8
BRDA:12,4,0,1
BRDA:12,5,0,7
BRDA:12,5,1,7
BRDA:17,6,0,1
BRDA:17,6,1,5
BRDA:24,7,0,3
BRDA:44,8,0,2
BRDA:44,8,1,0
BRF:13
BRH:12
end_of_record
TN:
SF:src\controllers\startshipsControllers.ts
FN:5,(anonymous_1)
FNF:1
FNH:1
FNDA:7,(anonymous_1)
DA:2,1
DA:3,1
DA:5,1
DA:6,7
DA:8,7
DA:9,1
DA:10,1
DA:12,6
DA:13,1
DA:14,1
DA:17,5
DA:18,5
DA:20,5
DA:24,5
DA:25,3
DA:26,2
DA:28,2
DA:30,1
DA:35,3
DA:37,3
DA:44,2
LF:21
LH:21
BRDA:6,0,0,1
BRDA:6,1,0,1
BRDA:8,2,0,1
BRDA:8,3,0,7
BRDA:8,3,1,7
BRDA:12,4,0,1
BRDA:12,5,0,6
BRDA:12,5,1,6
BRDA:18,6,0,1
BRDA:18,6,1,4
BRDA:24,7,0,3
BRDA:44,8,0,2
BRDA:44,8,1,0
BRF:13
BRH:12
end_of_record
